#! /usr/local/bin/vvp
:ivl_version "13.0 (devel)" "(s20221226-399-g151a14dfc)";
:ivl_delay_selection "TYPICAL";
:vpi_time_precision + 0;
:vpi_module "/usr/local/lib/ivl/system.vpi";
:vpi_module "/usr/local/lib/ivl/vhdl_sys.vpi";
:vpi_module "/usr/local/lib/ivl/vhdl_textio.vpi";
:vpi_module "/usr/local/lib/ivl/v2005_math.vpi";
:vpi_module "/usr/local/lib/ivl/va_math.vpi";
:vpi_module "/usr/local/lib/ivl/v2009.vpi";
S_0x561cab9eac30 .scope package, "$unit" "$unit" 2 1;
 .timescale 0 0;
S_0x561cab9eadc0 .scope module, "testbed" "testbed" 3 16;
 .timescale 0 0;
P_0x561cab9eaf50 .param/l "D_SIZE" 0 3 16, +C4<00000000000000000000000000001010>;
# The file index is used to find the file name in the following table.
:file_names 4;
    "N/A";
    "<interactive>";
    "-";
    "multiplierv2.sv";
